<?xml version="1.0" encoding="UTF-8"?>
<testng-results ignored="0" total="1" passed="1" failed="0" skipped="0">
  <reporter-output>
  </reporter-output>
  <suite started-at="2024-11-09T23:24:27 IST" name="Mobile Automation" finished-at="2024-11-09T23:24:59 IST" duration-ms="32742">
    <groups>
    </groups>
    <test started-at="2024-11-09T23:24:27 IST" name="Mobile Automation Suite-0" finished-at="2024-11-09T23:24:59 IST" duration-ms="32742">
      <class name="com.browserstack.ThirdTask">
        <test-method is-config="true" signature="setUp()[pri:0, instance:com.browserstack.ThirdTask@715d6168]" started-at="2024-11-09T23:24:27 IST" name="setUp" finished-at="2024-11-09T23:24:48 IST" duration-ms="21190" status="PASS">
          <reporter-output>
          </reporter-output>
        </test-method> <!-- setUp -->
        <test-method signature="thirdTest()[pri:0, instance:com.browserstack.ThirdTask@715d6168]" started-at="2024-11-09T23:24:48 IST" name="thirdTest" finished-at="2024-11-09T23:24:56 IST" duration-ms="8266" status="PASS">
          <reporter-output>
          </reporter-output>
        </test-method> <!-- thirdTest -->
        <test-method is-config="true" signature="tearDown()[pri:0, instance:com.browserstack.ThirdTask@715d6168]" started-at="2024-11-09T23:24:56 IST" name="tearDown" finished-at="2024-11-09T23:24:59 IST" duration-ms="2822" status="PASS">
          <reporter-output>
          </reporter-output>
        </test-method> <!-- tearDown -->
      </class> <!-- com.browserstack.ThirdTask -->
    </test> <!-- Mobile Automation Suite-0 -->
  </suite> <!-- Mobile Automation -->
</testng-results>
