<?xml version="1.0" encoding="UTF-8"?>
<!-- Generated by org.testng.reporters.JUnitXMLReporter -->
<testsuite ignored="0" hostname="LAPTOP-RQ3ICU0S" failures="1" tests="1" name="FirstTest-0" time="45.357" errors="0" timestamp="2024-11-09T18:30:19 IST">
  <testcase classname="com.browserstack.FourTest" name="test" time="21.6">
    <failure type="org.openqa.selenium.NoSuchElementException" message="An element could not be located on the page using the given search parameters.
For documentation on this error, please visit: https://www.selenium.dev/documentation/webdriver/troubleshooting/errors#no-such-element-exception
Build info: version: &amp;apos;4.13.0&amp;apos;, revision: &amp;apos;ba948ece5b*&amp;apos;
System info: os.name: &amp;apos;Windows 11&amp;apos;, os.arch: &amp;apos;amd64&amp;apos;, os.version: &amp;apos;10.0&amp;apos;, java.version: &amp;apos;17.0.2&amp;apos;
Driver info: io.appium.java_client.android.AndroidDriver
Command: [fa14198f930d76534858e5e0201e42697f3fb74f, findElement {using=accessibility id, value=In the news}]
Capabilities {appium:appActivity: org.wikipedia.main.MainActi..., appium:appPackage: org.wikipedia.alpha, appium:automationName: uiautomator2, appium:bundleID: org.wikipedia.alpha, appium:bundleId: org.wikipedia.alpha, appium:chromedriverPort: 18083, appium:chromedriverPorts: [[18133, 18143]], appium:databaseEnabled: false, appium:desired: {appActivity: org.wikipedia.main.MainActi..., appPackage: org.wikipedia.alpha, automationName: uiautomator2, bstack:options: {buildIdentifier: #13, hostName: LAPTOP-RQ3ICU0S, localIdentifier: 09_Nov_1829_LAPTOP_RQ3ICU0S...}, bundleID: org.wikipedia.alpha, bundleId: org.wikipedia.alpha, chromedriverPort: 18083, chromedriverPorts: [[18133, 18143]], deviceName: Android, disableSuppressAccessibilityService: true, goog:chromeOptions: {}, nativeWebScreenshot: true, newCommandTimeout: 0, platformName: Android, skipServerInstallation: true, systemPort: 8203, udid: R5CT238SBRZ}, appium:deviceApiLevel: 31, appium:deviceManufacturer: samsung, appium:deviceModel: SM-S908E, appium:deviceName: R5CT238SBRZ, appium:deviceScreenDensity: 450, appium:deviceScreenSize: 1080x2316, appium:deviceUDID: R5CT238SBRZ, appium:disableSuppressAccessibilityService: true, appium:javascriptEnabled: true, appium:locationContextEnabled: false, appium:nativeWebScreenshot: true, appium:networkConnectionEnabled: true, appium:newCommandTimeout: 0, appium:optimalHubUrl: hub-aps.browserstack.com, appium:pixelRatio: 2.8125, appium:platformVersion: 12, appium:skipServerInstallation: true, appium:statBarHeight: 75, appium:systemPort: 8203, appium:takesScreenshot: true, appium:udid: R5CT238SBRZ, appium:viewportRect: {height: 2031, left: 0, top: 75, width: 1080}, appium:warnings: {}, appium:webStorageEnabled: false, bstack:options: {buildIdentifier: #13, hostName: LAPTOP-RQ3ICU0S, localIdentifier: 09_Nov_1829_LAPTOP_RQ3ICU0S...}, goog:chromeOptions: {}, platformName: ANDROID}
Session ID: fa14198f930d76534858e5e0201e42697f3fb74f">
      <![CDATA[org.openqa.selenium.NoSuchElementException: An element could not be located on the page using the given search parameters.
For documentation on this error, please visit: https://www.selenium.dev/documentation/webdriver/troubleshooting/errors#no-such-element-exception
Build info: version: '4.13.0', revision: 'ba948ece5b*'
System info: os.name: 'Windows 11', os.arch: 'amd64', os.version: '10.0', java.version: '17.0.2'
Driver info: io.appium.java_client.android.AndroidDriver
Command: [fa14198f930d76534858e5e0201e42697f3fb74f, findElement {using=accessibility id, value=In the news}]
Capabilities {appium:appActivity: org.wikipedia.main.MainActi..., appium:appPackage: org.wikipedia.alpha, appium:automationName: uiautomator2, appium:bundleID: org.wikipedia.alpha, appium:bundleId: org.wikipedia.alpha, appium:chromedriverPort: 18083, appium:chromedriverPorts: [[18133, 18143]], appium:databaseEnabled: false, appium:desired: {appActivity: org.wikipedia.main.MainActi..., appPackage: org.wikipedia.alpha, automationName: uiautomator2, bstack:options: {buildIdentifier: #13, hostName: LAPTOP-RQ3ICU0S, localIdentifier: 09_Nov_1829_LAPTOP_RQ3ICU0S...}, bundleID: org.wikipedia.alpha, bundleId: org.wikipedia.alpha, chromedriverPort: 18083, chromedriverPorts: [[18133, 18143]], deviceName: Android, disableSuppressAccessibilityService: true, goog:chromeOptions: {}, nativeWebScreenshot: true, newCommandTimeout: 0, platformName: Android, skipServerInstallation: true, systemPort: 8203, udid: R5CT238SBRZ}, appium:deviceApiLevel: 31, appium:deviceManufacturer: samsung, appium:deviceModel: SM-S908E, appium:deviceName: R5CT238SBRZ, appium:deviceScreenDensity: 450, appium:deviceScreenSize: 1080x2316, appium:deviceUDID: R5CT238SBRZ, appium:disableSuppressAccessibilityService: true, appium:javascriptEnabled: true, appium:locationContextEnabled: false, appium:nativeWebScreenshot: true, appium:networkConnectionEnabled: true, appium:newCommandTimeout: 0, appium:optimalHubUrl: hub-aps.browserstack.com, appium:pixelRatio: 2.8125, appium:platformVersion: 12, appium:skipServerInstallation: true, appium:statBarHeight: 75, appium:systemPort: 8203, appium:takesScreenshot: true, appium:udid: R5CT238SBRZ, appium:viewportRect: {height: 2031, left: 0, top: 75, width: 1080}, appium:warnings: {}, appium:webStorageEnabled: false, bstack:options: {buildIdentifier: #13, hostName: LAPTOP-RQ3ICU0S, localIdentifier: 09_Nov_1829_LAPTOP_RQ3ICU0S...}, goog:chromeOptions: {}, platformName: ANDROID}
Session ID: fa14198f930d76534858e5e0201e42697f3fb74f
at org.openqa.selenium.remote.codec.w3c.W3CHttpResponseCodec.createException(W3CHttpResponseCodec.java:200)
at org.openqa.selenium.remote.codec.w3c.W3CHttpResponseCodec.decode(W3CHttpResponseCodec.java:133)
at org.openqa.selenium.remote.codec.w3c.W3CHttpResponseCodec.decode(W3CHttpResponseCodec.java:52)
at org.openqa.selenium.remote.HttpCommandExecutor.execute(HttpCommandExecutor.java:191)
at io.appium.java_client.remote.AppiumCommandExecutor.execute(AppiumCommandExecutor.java:250)
at org.openqa.selenium.remote.RemoteWebDriver.execute(RemoteWebDriver.java:602)
at org.openqa.selenium.remote.ElementLocation$ElementFinder$2.findElement(ElementLocation.java:165)
at org.openqa.selenium.remote.ElementLocation.findElement(ElementLocation.java:59)
at org.openqa.selenium.remote.RemoteWebDriver.findElement(RemoteWebDriver.java:359)
at org.openqa.selenium.remote.RemoteWebDriver.findElement(RemoteWebDriver.java:353)
at com.browserstack.FourTest.test(FourTest.java:51)
at java.base/java.util.ArrayList.forEach(ArrayList.java:1511)
at java.base/java.util.concurrent.FutureTask.run(FutureTask.java:264)
at java.base/java.util.concurrent.ThreadPoolExecutor.runWorker(ThreadPoolExecutor.java:1136)
at java.base/java.util.concurrent.ThreadPoolExecutor$Worker.run(ThreadPoolExecutor.java:635)
at java.base/java.lang.Thread.run(Thread.java:833)
... Removed 23 stack frames]]>
    </failure>
  </testcase> <!-- test -->
</testsuite> <!-- FirstTest-0 -->
